{
  "Cucumber Features": {
    "coverage": {
      "C:/Users/Arturo Amoroso/Desktop/Ingenieria Software/Proyecto/Ruby/Cucumber/2.- FormularioCucumber/app.rb": [
        1,
        null,
        1,
        null,
        3,
        null,
        null,
        1,
        null,
        2,
        2,
        null
      ],
      "C:/Users/Arturo Amoroso/Desktop/Ingenieria Software/Proyecto/Ruby/Cucumber/2.- FormularioCucumber/features/step_definitions/bienvenida_steps.rb": [
        1,
        3,
        null,
        null,
        1,
        1,
        null,
        null,
        null,
        null,
        null,
        null,
        1,
        2,
        null,
        null,
        1,
        2,
        null,
        null,
        1,
        2,
        null
      ],
      "C:/Users/Arturo Amoroso/Desktop/Ingenieria Software/Proyecto/Ruby/Cucumber/2.- FormularioCucumber/features/step_definitions/template_steps.rb": [
        1,
        0,
        null,
        null,
        1,
        0,
        null,
        null,
        1,
        0,
        null,
        null,
        1,
        0,
        null,
        null,
        1,
        0,
        null,
        null,
        1,
        0,
        null,
        null,
        1,
        0,
        null,
        null,
        null,
        null,
        1,
        null,
        0,
        null,
        0,
        0,
        null,
        null
      ]
    },
    "timestamp": 1576039760
  },
  "RSpec": {
    "coverage": {
    },
    "timestamp": 1575082387
  }
}
